2026-01-08T12:41:54.713Z GET /api/v1/users 401 5.429 ms - 63 ::1
2026-01-08T12:41:54.897Z POST /api/v1/admin/refresh 200 227.558 ms - 402 ::1
2026-01-08T12:41:54.930Z POST /api/v1/admin/refresh 200 170.607 ms - 402 ::1
2026-01-08T12:41:55.097Z GET /api/v1/users 304 152.329 ms - - ::1
2026-01-08T12:42:08.087Z GET /api/v1/booking?page=1 304 174.025 ms - - ::1
2026-01-08T12:42:14.764Z GET /api/v1/booking?page=1&status=PENDING 200 219.269 ms - 3194 ::1
2026-01-08T12:42:19.083Z GET /api/v1/booking?page=1&status=CONFIRMED 200 183.223 ms - 4430 ::1
2026-01-08T12:42:24.414Z GET /api/v1/booking?page=1&status=all 422 3.580 ms - 184 ::1
2026-01-08T12:42:25.465Z GET /api/v1/booking?page=1&status=all 422 14.736 ms - 184 ::1
2026-01-08T12:42:27.503Z GET /api/v1/booking?page=1&status=all 422 5.700 ms - 184 ::1
2026-01-08T12:42:31.545Z GET /api/v1/booking?page=1&status=all 422 7.270 ms - 184 ::1
2026-01-08T12:44:07.013Z GET /api/v1/booking?page=1&status=all 422 3.046 ms - 184 ::1
2026-01-08T12:44:08.419Z GET /api/v1/booking?page=1&status=all 422 3.439 ms - 184 ::1
2026-01-08T12:44:10.450Z GET /api/v1/booking?page=1&status=all 422 9.622 ms - 184 ::1
2026-01-08T12:44:20.311Z POST /api/v1/admin/refresh 200 156.489 ms - 402 ::1
2026-01-08T12:44:20.317Z GET /api/v1/booking?page=1 401 0.442 ms - 63 ::1
2026-01-08T12:44:20.639Z POST /api/v1/admin/refresh 200 212.796 ms - 402 ::1
2026-01-08T12:44:20.889Z GET /api/v1/booking?page=1 304 161.442 ms - - ::1
2026-01-08T12:46:02.688Z POST /api/v1/admin/refresh 200 200.721 ms - 402 ::1
2026-01-08T12:46:02.808Z GET /api/v1/booking?page=1 401 0.486 ms - 63 ::1
2026-01-08T12:46:03.302Z POST /api/v1/admin/refresh 200 174.889 ms - 402 ::1
2026-01-08T12:46:03.456Z GET /api/v1/booking?page=1 304 137.571 ms - - ::1
2026-01-08T12:46:33.485Z GET /api/v1/users 401 0.967 ms - 63 ::1
2026-01-08T12:46:33.604Z POST /api/v1/admin/refresh 200 152.125 ms - 402 ::1
2026-01-08T12:46:33.729Z POST /api/v1/admin/refresh 200 183.938 ms - 402 ::1
2026-01-08T12:46:33.863Z GET /api/v1/users 304 118.950 ms - - ::1
2026-01-08T12:46:37.663Z GET /api/v1/booking?page=1 304 201.475 ms - - ::1
2026-01-08T12:50:22.506Z GET /api/v1/booking?page=1&status=PENDING 304 153.681 ms - - ::1
2026-01-08T12:50:46.541Z GET /api/v1/booking?page=1&status=all 422 3.197 ms - 184 ::1
2026-01-08T12:50:47.597Z GET /api/v1/booking?page=1&status=all 422 11.790 ms - 184 ::1
2026-01-08T12:50:49.651Z GET /api/v1/booking?page=1&status=all 422 6.711 ms - 184 ::1
2026-01-08T12:50:53.683Z GET /api/v1/booking?page=1&status=all 422 3.381 ms - 184 ::1
2026-01-08T12:51:29.547Z GET /api/v1/booking?page=1&status=all 422 3.530 ms - 184 ::1
2026-01-08T12:51:30.714Z GET /api/v1/booking?page=1&status=all 422 3.485 ms - 184 ::1
2026-01-08T12:51:32.741Z GET /api/v1/booking?page=1&status=all 422 3.538 ms - 184 ::1
2026-01-08T12:51:36.786Z GET /api/v1/booking?page=1&status=all 422 5.832 ms - 184 ::1
2026-01-08T12:52:59.489Z GET /api/v1/booking?page=1&status=all 422 2.714 ms - 184 ::1
2026-01-08T12:53:00.602Z GET /api/v1/booking?page=1&status=all 422 3.499 ms - 184 ::1
2026-01-08T12:53:02.628Z GET /api/v1/booking?page=1&status=all 422 5.603 ms - 184 ::1
2026-01-08T12:53:06.699Z GET /api/v1/booking?page=1&status=all 422 10.988 ms - 184 ::1
2026-01-08T12:53:18.062Z GET /api/v1/booking?page=1&status=all 422 2.564 ms - 184 ::1
2026-01-08T12:53:19.183Z GET /api/v1/booking?page=1&status=all 422 2.184 ms - 184 ::1
2026-01-08T12:53:21.238Z GET /api/v1/booking?page=1&status=all 422 9.895 ms - 184 ::1
2026-01-08T12:53:25.305Z GET /api/v1/booking?page=1&status=all 422 6.285 ms - 184 ::1
2026-01-08T12:53:40.412Z GET /api/v1/booking?page=1&status=CONFIRMED 304 1062.428 ms - - ::1
2026-01-08T12:53:53.862Z GET /api/v1/booking?page=1&status=CANCELLED 200 248.641 ms - 3161 ::1
2026-01-08T12:54:04.604Z GET /api/v1/booking?page=1&status=all 422 2.858 ms - 184 ::1
2026-01-08T12:54:05.641Z GET /api/v1/booking?page=1&status=all 422 12.067 ms - 184 ::1
2026-01-08T12:54:07.712Z GET /api/v1/booking?page=1&status=all 422 9.949 ms - 184 ::1
2026-01-08T12:54:11.776Z GET /api/v1/booking?page=1&status=all 422 9.088 ms - 184 ::1
2026-01-08T12:55:32.711Z GET /api/v1/booking?page=1&status=all 422 3.357 ms - 184 ::1
2026-01-08T12:55:42.060Z GET /api/v1/booking?page=1&status=all 422 4.940 ms - 184 ::1
2026-01-08T12:55:44.094Z GET /api/v1/booking?page=1&status=all 422 2.800 ms - 184 ::1
2026-01-08T12:55:52.358Z GET /api/v1/booking?page=1 304 1771.365 ms - - ::1
2026-01-08T13:01:31.204Z GET /api/v1/booking?page=1&status=all 422 2.755 ms - 184 ::1
2026-01-08T13:01:32.254Z GET /api/v1/booking?page=1&status=all 422 17.735 ms - 184 ::1
2026-01-08T13:01:34.305Z GET /api/v1/booking?page=1&status=all 422 6.524 ms - 184 ::1
2026-01-08T13:01:53.700Z GET /api/v1/booking?page=1&status=all 422 7.916 ms - 184 ::1
2026-01-08T13:02:11.166Z GET /api/v1/booking?page=1&status=all 422 3.598 ms - 184 ::1
2026-01-08T13:02:12.353Z GET /api/v1/booking?page=1&status=all 422 13.412 ms - 184 ::1
2026-01-08T13:02:14.420Z GET /api/v1/booking?page=1&status=all 422 13.678 ms - 184 ::1
2026-01-08T13:02:18.490Z GET /api/v1/booking?page=1&status=all 422 8.319 ms - 184 ::1
2026-01-08T13:02:33.987Z GET /api/v1/booking?page=1 401 0.559 ms - 63 ::1
2026-01-08T13:02:34.745Z POST /api/v1/admin/refresh 200 919.951 ms - 402 ::1
2026-01-08T13:02:34.828Z POST /api/v1/admin/refresh 200 769.188 ms - 402 ::1
2026-01-08T13:02:35.009Z GET /api/v1/booking?page=1 304 147.770 ms - - ::1
2026-01-08T13:13:55.012Z GET /api/v1/booking?page=1&status=CONFIRMED 304 5047.239 ms - - ::1
2026-01-08T13:14:02.482Z GET /api/v1/booking?page=1&status=all 422 3.019 ms - 184 ::1
2026-01-08T13:14:03.506Z GET /api/v1/booking?page=1&status=all 422 5.449 ms - 184 ::1
2026-01-08T13:14:05.544Z GET /api/v1/booking?page=1&status=all 422 2.389 ms - 184 ::1
2026-01-08T13:14:09.576Z GET /api/v1/booking?page=1&status=all 422 4.895 ms - 184 ::1
2026-01-08T13:14:27.363Z GET /api/v1/booking?page=1&status=all 422 3.189 ms - 184 ::1
2026-01-08T13:14:28.528Z GET /api/v1/booking?page=1&status=all 422 2.591 ms - 184 ::1
2026-01-08T13:14:57.276Z GET /api/v1/booking?page=1&status=all 422 3.442 ms - 184 ::1
2026-01-08T13:15:01.378Z GET /api/v1/booking?page=1&status=all 422 6.915 ms - 184 ::1
2026-01-08T13:15:05.544Z GET /api/v1/booking?page=1&status=PENDING 304 320.751 ms - - ::1
2026-01-08T13:15:12.941Z GET /api/v1/booking?page=1&status=all 422 1.781 ms - 184 ::1
2026-01-08T13:15:13.992Z GET /api/v1/booking?page=1&status=all 422 12.903 ms - 184 ::1
2026-01-08T13:15:16.041Z GET /api/v1/booking?page=1&status=all 422 9.717 ms - 184 ::1
2026-01-08T13:15:20.113Z GET /api/v1/booking?page=1&status=all 422 8.878 ms - 184 ::1
2026-01-08T13:16:39.561Z GET /api/v1/booking?page=1&status=all 422 3.531 ms - 184 ::1
2026-01-08T13:17:04.219Z GET /api/v1/booking?page=1&status=all 422 4.630 ms - 184 ::1
2026-01-08T13:37:34.339Z GET /api/v1/booking?page=1&status=CONFIRMED 304 984.814 ms - - ::1
2026-01-08T13:37:38.268Z GET /api/v1/booking?page=1&status=CANCELLED 304 247.062 ms - - ::1
2026-01-08T13:39:34.454Z GET /api/v1/booking?page=1&sort=desc 200 1263.158 ms - 4469 ::1
2026-01-08T13:39:37.751Z GET /api/v1/booking?page=1&sort=asc 304 351.807 ms - - ::1
2026-01-08T13:40:31.101Z GET /api/v1/booking?page=1&sort=desc&checkIn=2025-12-31T17:30:00.000Z&checkOut=2026-01-07T17:30:00.000Z 200 331.229 ms - 619 ::1
2026-01-08T13:40:44.799Z GET /api/v1/booking?page=1&sort=desc&checkIn=2025-12-27T17:30:00.000Z&checkOut=2026-01-09T17:30:00.000Z 200 652.545 ms - 1466 ::1
2026-01-08T13:41:03.801Z GET /api/v1/booking?page=1&sort=desc&checkIn=2025-11-30T17:30:00.000Z&checkOut=2026-01-07T17:30:00.000Z 200 193.395 ms - 619 ::1
2026-01-08T13:41:21.996Z GET /api/v1/booking?page=1&sort=desc&checkIn=2025-11-30T17:30:00.000Z&checkOut=2025-11-30T17:30:00.000Z 400 5.702 ms - 86 ::1
2026-01-08T13:41:23.036Z GET /api/v1/booking?page=1&sort=desc&checkIn=2025-11-30T17:30:00.000Z&checkOut=2025-11-30T17:30:00.000Z 400 11.873 ms - 86 ::1
2026-01-08T13:41:25.106Z GET /api/v1/booking?page=1&sort=desc&checkIn=2025-11-30T17:30:00.000Z&checkOut=2025-11-30T17:30:00.000Z 400 11.163 ms - 86 ::1
2026-01-08T13:41:29.210Z GET /api/v1/booking?page=1&sort=desc&checkIn=2025-11-30T17:30:00.000Z&checkOut=2025-11-30T17:30:00.000Z 400 16.268 ms - 86 ::1
2026-01-08T13:42:06.501Z GET /api/v1/booking?page=1&sort=asc&checkIn=2026-01-07T17:30:00.000Z&checkOut=2026-02-06T17:30:00.000Z 200 529.334 ms - 4428 ::1
2026-01-08T14:29:02.571Z GET /api/v1/payment 401 18.421 ms - 63 ::1
2026-01-08T14:29:42.252Z POST /api/v1/admin/login 201 2996.084 ms - 419 ::1
2026-01-08T14:30:12.037Z GET /api/v1/payment 401 17.889 ms - 63 ::1
2026-01-08T14:30:16.998Z GET /api/v1/payment 401 5.032 ms - 63 ::1
2026-01-08T14:30:55.193Z POST /api/v1/admin/login 201 564.826 ms - 419 ::1
2026-01-08T14:31:22.664Z GET /api/v1/payment 401 0.396 ms - 63 ::1
2026-01-08T14:31:31.689Z GET /api/v1/payment 401 0.564 ms - 63 ::1
2026-01-08T14:32:16.162Z GET /api/v1/payment 401 3.663 ms - 63 ::1
2026-01-08T14:32:31.426Z GET /api/v1/payment 401 0.573 ms - 63 ::1
2026-01-08T14:33:02.827Z GET /api/v1/payment 200 936.583 ms - 3390 ::1
2026-01-08T14:41:37.845Z GET /api/v1/hotel?page=1&search= 304 226.385 ms - - ::1
2026-01-08T14:42:10.101Z GET /api/v1/users 401 2.412 ms - 63 ::1
2026-01-08T14:42:10.588Z POST /api/v1/admin/refresh 200 516.668 ms - 402 ::1
2026-01-08T14:42:10.797Z POST /api/v1/admin/refresh 200 620.914 ms - 402 ::1
2026-01-08T14:42:10.914Z GET /api/v1/users 304 107.617 ms - - ::1
2026-01-08T14:42:46.413Z GET /api/v1/payment?page=1 401 0.627 ms - 63 ::1
2026-01-08T14:42:46.500Z POST /api/v1/admin/refresh 200 121.178 ms - 402 ::1
2026-01-08T14:42:46.595Z POST /api/v1/admin/refresh 200 108.350 ms - 402 ::1
2026-01-08T14:42:46.741Z GET /api/v1/payment?page=1 200 130.405 ms - 3390 ::1
2026-01-08T15:02:25.671Z GET /api/v1/payment?page=1 401 7.889 ms - 63 ::1
2026-01-08T15:02:26.882Z POST /api/v1/admin/refresh 200 1199.193 ms - 402 ::1
2026-01-08T15:02:27.520Z GET /api/v1/payment?page=1 304 477.606 ms - - ::1
2026-01-08T15:10:50.398Z POST /api/v1/admin/refresh 200 134.604 ms - 402 ::1
2026-01-08T15:54:38.285Z GET /api/v1/payment?page=2 200 1921.382 ms - 3383 ::1
2026-01-08T15:54:41.520Z GET /api/v1/payment?page=3 200 181.399 ms - 3433 ::1
2026-01-08T16:09:53.513Z GET /api/v1/payment?page=1 304 258.796 ms - - ::1
2026-01-08T16:15:16.021Z GET /api/v1/payment?page=1 401 1.666 ms - 63 ::1
2026-01-08T16:15:16.902Z POST /api/v1/admin/refresh 200 800.341 ms - 402 ::1
2026-01-08T16:15:16.905Z POST /api/v1/admin/refresh 200 911.556 ms - 402 ::1
2026-01-08T16:15:17.126Z GET /api/v1/payment?page=1 304 212.639 ms - - ::1
2026-01-08T16:16:44.056Z POST /api/v1/admin/refresh 200 183.005 ms - 402 ::1
2026-01-08T16:23:44.175Z GET /api/v1/payment?page=1 401 0.757 ms - 63 ::1
2026-01-08T16:23:45.075Z POST /api/v1/admin/refresh 200 872.936 ms - 402 ::1
2026-01-08T16:23:45.122Z POST /api/v1/admin/refresh 200 1059.562 ms - 402 ::1
2026-01-08T16:23:45.826Z GET /api/v1/payment?page=1 304 720.682 ms - - ::1
2026-01-08T16:28:09.385Z GET /api/v1/payment?page=1&sort=asc&limit=10 200 151.993 ms - 3390 ::1
2026-01-08T16:29:44.764Z GET /api/v1/payment?page=2&sort=asc&limit=10 200 168.402 ms - 3383 ::1
2026-01-08T16:29:46.356Z GET /api/v1/payment?page=3&sort=asc&limit=10 200 189.545 ms - 3433 ::1
2026-01-08T16:31:19.377Z GET /api/v1/payment?page=1&limit=10 200 194.621 ms - 3390 ::1
2026-01-08T16:34:05.700Z GET /api/v1/payment?page=1&status=PENDING&limit=10 200 139.259 ms - 3072 ::1
2026-01-08T16:34:17.673Z GET /api/v1/payment?page=1&status=CANCELLED&limit=10 200 124.615 ms - 181 ::1
2026-01-08T16:34:21.952Z GET /api/v1/payment?page=1&status=CONFIRMED&limit=10 200 76.254 ms - 181 ::1
2026-01-08T16:34:29.774Z GET /api/v1/payment?page=1&status=all&limit=10 200 154.603 ms - 3390 ::1
2026-01-09T06:23:55.885Z GET /api/v1/payment?page=1&limit=10 401 4.509 ms - 63 ::1
2026-01-09T06:23:56.136Z POST /api/v1/admin/refresh 200 217.981 ms - 402 ::1
2026-01-09T06:23:56.174Z POST /api/v1/admin/refresh 200 337.523 ms - 402 ::1
2026-01-09T06:23:56.342Z GET /api/v1/payment?page=1&limit=10 304 191.440 ms - - ::1
2026-01-09T06:24:04.928Z GET /api/v1/payment?page=1&status=PENDING&limit=10 304 142.392 ms - - ::1
2026-01-09T06:24:09.223Z GET /api/v1/payment?page=1&status=CONFIRMED&limit=10 304 67.526 ms - - ::1
2026-01-09T06:24:14.318Z GET /api/v1/payment?page=1&status=EXPIRED&limit=10 200 358.427 ms - 181 ::1
2026-01-09T06:25:59.850Z GET /api/v1/payment?page=1&status=all&limit=10 304 141.514 ms - - ::1
2026-01-09T06:26:33.482Z GET /api/v1/payment?page=1&status=PAID&limit=10 422 6.668 ms - 184 ::1
2026-01-09T06:26:34.521Z GET /api/v1/payment?page=1&status=PAID&limit=10 422 9.129 ms - 184 ::1
2026-01-09T06:26:36.556Z GET /api/v1/payment?page=1&status=PAID&limit=10 422 8.618 ms - 184 ::1
2026-01-09T06:26:40.594Z GET /api/v1/payment?page=1&status=PAID&limit=10 422 8.258 ms - 184 ::1
2026-01-09T06:26:44.323Z GET /api/v1/payment?page=1&status=FAILED&limit=10 422 3.081 ms - 184 ::1
2026-01-09T06:26:45.360Z GET /api/v1/payment?page=1&status=FAILED&limit=10 422 10.546 ms - 184 ::1
2026-01-09T06:26:47.392Z GET /api/v1/payment?page=1&status=FAILED&limit=10 422 7.419 ms - 184 ::1
2026-01-09T06:26:58.203Z GET /api/v1/payment?page=1&status=FAILED&limit=10 422 4.202 ms - 184 ::1
2026-01-09T06:27:55.729Z GET /api/v1/payment?page=1&status=PAID&limit=10 422 2.561 ms - 184 ::1
2026-01-09T06:27:56.760Z GET /api/v1/payment?page=1&status=PAID&limit=10 422 11.684 ms - 184 ::1
2026-01-09T06:27:58.811Z GET /api/v1/payment?page=1&status=PAID&limit=10 422 9.449 ms - 184 ::1
2026-01-09T06:29:29.404Z GET /api/v1/payment?page=1&status=PAID&limit=10 200 653.976 ms - 3386 ::1
2026-01-09T06:29:37.594Z GET /api/v1/payment?page=1&status=FAILED&limit=10 200 272.942 ms - 2430 ::1
2026-01-09T06:42:50.751Z GET /api/v1/payment?page=1&status=all&limit=10 304 801.148 ms - - ::1
2026-01-09T06:47:09.589Z GET /api/v1/payment?page=1&sort=asc&status=all&limit=10 200 134.368 ms - 3390 ::1
2026-01-09T06:54:13.359Z GET /api/v1/paymnet/695fb6c0e6823d5c7620f9ac 404 2.924 ms - 178 ::1
2026-01-09T06:54:14.409Z GET /api/v1/paymnet/695fb6c0e6823d5c7620f9ac 404 2.796 ms - 178 ::1
2026-01-09T06:54:16.437Z GET /api/v1/paymnet/695fb6c0e6823d5c7620f9ac 404 1.619 ms - 178 ::1
2026-01-09T06:54:20.478Z GET /api/v1/paymnet/695fb6c0e6823d5c7620f9ac 404 0.964 ms - 178 ::1
2026-01-09T06:54:30.530Z GET /api/v1/paymnet/695fb6c0e6823d5c7620f9ac 404 0.424 ms - 178 ::1
2026-01-09T06:54:31.564Z GET /api/v1/payment/695fb6c0e6823d5c7620f9ac 404 4.089 ms - 178 ::1
2026-01-09T06:54:33.607Z GET /api/v1/payment/695fb6c0e6823d5c7620f9ac 404 13.288 ms - 178 ::1
2026-01-09T06:54:37.633Z GET /api/v1/payment/695fb6c0e6823d5c7620f9ac 404 1.935 ms - 178 ::1
2026-01-09T06:54:43.409Z GET /api/v1/payment?page=1&sort=asc&limit=10 304 740.356 ms - - ::1
2026-01-09T06:54:48.173Z GET /api/v1/payment/695fb6c0e6823d5c7620f9ad 404 3.095 ms - 178 ::1
2026-01-09T06:54:49.198Z GET /api/v1/payment/695fb6c0e6823d5c7620f9ad 404 5.261 ms - 178 ::1
2026-01-09T06:54:51.234Z GET /api/v1/payment/695fb6c0e6823d5c7620f9ad 404 5.005 ms - 178 ::1
2026-01-09T06:55:23.361Z GET /api/v1/payment/695fb6c0e6823d5c7620f9ad 401 4.829 ms - 63 ::ffff:127.0.0.1
2026-01-09T06:55:25.234Z POST /api/v1/admin/refresh 200 1857.358 ms - 402 ::ffff:127.0.0.1
2026-01-09T14:43:37.005Z GET /api/v1/users 401 3.506 ms - 63 ::1
2026-01-09T14:43:38.429Z POST /api/v1/admin/refresh 200 1389.345 ms - 402 ::1
2026-01-09T14:43:39.031Z GET /api/v1/users 304 589.504 ms - - ::1
2026-01-09T14:43:41.235Z POST /api/v1/admin/refresh 200 4260.463 ms - 402 ::1
2026-01-09T14:44:01.409Z GET /api/v1/users 401 0.530 ms - 63 ::1
2026-01-09T14:44:01.504Z POST /api/v1/admin/refresh 200 123.043 ms - 402 ::1
2026-01-09T14:44:01.544Z POST /api/v1/admin/refresh 200 120.276 ms - 402 ::1
2026-01-09T14:44:01.672Z GET /api/v1/users 304 111.482 ms - - ::1
2026-01-09T14:44:15.724Z GET /api/v1/users 401 0.785 ms - 63 ::1
2026-01-09T14:44:15.849Z POST /api/v1/admin/refresh 200 179.073 ms - 402 ::1
2026-01-09T14:44:15.995Z POST /api/v1/admin/refresh 200 218.708 ms - 402 ::1
2026-01-09T14:44:16.283Z GET /api/v1/users 304 250.793 ms - - ::1
2026-01-09T14:44:26.365Z GET /api/v1/payment?page=1&sort=asc&limit=10 304 164.436 ms - - ::1
2026-01-09T14:49:20.155Z GET /api/v1/payment/695fb6c0e6823d5c7620f9ac 401 3.791 ms - 63 ::1
2026-01-09T14:49:31.933Z GET /api/v1/payment/695fb6c0e6823d5c7620f9ac 500 107.166 ms - 160 ::1
2026-01-09T14:49:33.062Z GET /api/v1/payment/695fb6c0e6823d5c7620f9ac 500 68.668 ms - 160 ::1
2026-01-09T14:49:35.186Z GET /api/v1/payment/695fb6c0e6823d5c7620f9ac 500 77.265 ms - 160 ::1
2026-01-09T14:49:39.325Z GET /api/v1/payment/695fb6c0e6823d5c7620f9ac 500 78.886 ms - 160 ::1
2026-01-09T14:50:00.155Z POST /api/v1/admin/login 201 929.868 ms - 419 ::1
2026-01-09T14:50:45.385Z GET /api/v1/payment/695fb6c0e6823d5c7620f9ac 500 65.754 ms - 160 ::1
2026-01-09T14:50:55.504Z GET /api/v1/payment/695fb6c0e6823d5c7620f9ac 500 68.888 ms - 160 ::1
2026-01-09T14:51:33.915Z GET /api/v1/payment/695fb6c0e6823d5c7620f9ac 200 1238.899 ms - 498 ::1
2026-01-09T14:51:35.744Z GET /api/v1/payment/695fb6c0e6823d5c7620f9ac 200 153.701 ms - 498 ::1
2026-01-09T14:55:05.954Z GET /api/v1/payment?page=2&sort=asc&limit=10 200 271.616 ms - 3383 ::1
2026-01-09T14:55:07.896Z GET /api/v1/payment/695fb6c0e6823d5c7620f9b6 200 138.531 ms - 409 ::1
2026-01-09T14:58:17.771Z GET /api/v1/payment/695fb6c0e6823d5c7620f9b6 401 0.728 ms - 63 ::1
2026-01-09T14:58:18.015Z POST /api/v1/admin/refresh 200 275.664 ms - 402 ::1
2026-01-09T14:58:18.085Z POST /api/v1/admin/refresh 200 277.238 ms - 402 ::1
2026-01-09T14:58:18.246Z GET /api/v1/payment/695fb6c0e6823d5c7620f9b6 304 147.003 ms - - ::1
2026-01-09T15:00:05.400Z GET /api/v1/payment?page=1&sort=asc&limit=10 304 174.376 ms - - ::1
2026-01-09T15:00:10.911Z GET /api/v1/payment/695fb6c0e6823d5c7620f9ac 200 253.511 ms - 415 ::1
2026-01-09T15:15:11.549Z GET /api/v1/payment/695fb6c0e6823d5c7620f9ac 304 604.487 ms - - ::1
2026-01-09T15:20:03.236Z GET /api/v1/payment/695fb6c0e6823d5c7620f9ac 401 0.589 ms - 63 ::1
2026-01-09T15:20:03.368Z POST /api/v1/admin/refresh 200 146.904 ms - 402 ::1
2026-01-09T15:20:03.748Z POST /api/v1/admin/refresh 200 463.578 ms - 402 ::1
2026-01-09T15:20:03.982Z GET /api/v1/payment/695fb6c0e6823d5c7620f9ac 304 227.088 ms - - ::1
2026-01-09T15:20:59.951Z GET /api/v1/payment/695fb6c0e6823d5c7620f9ac 401 0.579 ms - 63 ::1
2026-01-09T15:21:01.977Z POST /api/v1/admin/refresh 200 2046.406 ms - 402 ::1
2026-01-09T15:21:02.032Z POST /api/v1/admin/refresh 200 2041.346 ms - 402 ::1
2026-01-09T15:21:02.231Z GET /api/v1/payment/695fb6c0e6823d5c7620f9ac 304 156.387 ms - - ::1
2026-01-09T15:28:16.310Z GET /api/v1/payment/695fb6c0e6823d5c7620f9ac 401 0.686 ms - 63 ::1
2026-01-09T15:28:16.625Z POST /api/v1/admin/refresh 200 232.953 ms - 402 ::1
2026-01-09T15:28:16.838Z GET /api/v1/payment/695fb6c0e6823d5c7620f9ac 304 185.776 ms - - ::1
2026-01-09T15:28:16.853Z POST /api/v1/admin/refresh 200 556.149 ms - 402 ::1
2026-01-09T15:29:29.866Z GET /api/v1/users 401 0.505 ms - 63 ::1
2026-01-09T15:29:33.788Z GET /api/v1/payment?page=1&sort=asc&limit=10 401 0.272 ms - 63 ::1
2026-01-09T15:29:35.284Z POST /api/v1/admin/refresh 200 5424.731 ms - 402 ::1
2026-01-09T15:29:35.292Z POST /api/v1/admin/refresh 200 5396.437 ms - 402 ::1
2026-01-09T15:29:39.458Z GET /api/v1/users 304 4126.484 ms - - ::1
2026-01-09T15:29:39.516Z GET /api/v1/payment?page=1&sort=asc&limit=10 304 4093.847 ms - - ::1
2026-01-09T15:29:41.907Z GET /api/v1/payment/695fb6c0e6823d5c7620f9ac 304 222.533 ms - - ::1
2026-01-09T15:51:44.792Z GET /api/v1/payment/undefined 422 7.862 ms - 136 ::1
2026-01-09T15:52:37.799Z GET /api/v1/payment/undefined 422 3.555 ms - 136 ::1
2026-01-09T15:52:39.840Z GET /api/v1/payment/undefined 422 7.369 ms - 136 ::1
2026-01-09T15:52:43.434Z GET /api/v1/payment?page=1&sort=asc&limit=10 401 0.292 ms - 63 ::1
2026-01-09T15:52:43.489Z POST /api/v1/admin/refresh 200 116.487 ms - 402 ::1
2026-01-09T15:52:43.585Z POST /api/v1/admin/refresh 200 112.838 ms - 402 ::1
2026-01-09T15:52:43.737Z GET /api/v1/payment?page=1&sort=asc&limit=10 304 114.308 ms - - ::1
2026-01-09T15:52:45.928Z GET /api/v1/payment/undefined 422 2.483 ms - 136 ::1
2026-01-09T15:52:46.960Z GET /api/v1/payment/undefined 422 4.560 ms - 136 ::1
2026-01-09T15:52:53.361Z GET /api/v1/payment/undefined 422 2.696 ms - 136 ::1
2026-01-09T15:52:56.310Z GET /api/v1/users 401 0.419 ms - 63 ::1
2026-01-09T15:52:56.437Z POST /api/v1/admin/refresh 200 140.877 ms - 402 ::1
2026-01-09T15:52:56.478Z POST /api/v1/admin/refresh 200 129.836 ms - 402 ::1
2026-01-09T15:52:56.599Z GET /api/v1/users 304 110.053 ms - - ::1
2026-01-09T15:53:28.865Z GET /api/v1/users?search=&page=1&limit=10&sort=desc 304 117.316 ms - - ::1
2026-01-09T15:53:32.674Z GET /api/v1/users/69554efa822001d5e82a0a72 304 59.678 ms - - ::1
2026-01-09T15:53:38.643Z GET /api/v1/booking?page=1&sort=asc 304 281.692 ms - - ::1
2026-01-09T15:53:44.966Z GET /api/v1/hotel?page=1&search= 304 201.436 ms - - ::1
2026-01-09T15:53:45.176Z GET /api/v1/payment/695a2b2b57178329d1ceaf72 404 56.972 ms - 60 ::1
2026-01-09T15:53:45.187Z GET /api/v1/payment/695a2b2b57178329d1ceaf73 404 56.209 ms - 60 ::1
2026-01-09T15:53:45.196Z GET /api/v1/payment/695a2b2b57178329d1ceaf75 404 55.672 ms - 60 ::1
2026-01-09T15:53:45.215Z GET /api/v1/payment/695a2b2b57178329d1ceaf74 404 79.470 ms - 60 ::1
2026-01-09T15:53:45.226Z GET /api/v1/payment/695a2b2b57178329d1ceaf76 404 77.799 ms - 60 ::1
2026-01-09T15:53:45.268Z GET /api/v1/payment/695a2b2b57178329d1ceaf77 404 109.238 ms - 60 ::1
2026-01-09T15:53:45.277Z GET /api/v1/payment/695a2b2b57178329d1ceaf78 404 96.235 ms - 60 ::1
2026-01-09T15:53:45.282Z GET /api/v1/payment/695a2b2b57178329d1ceaf79 404 91.102 ms - 60 ::1
2026-01-09T15:53:45.306Z GET /api/v1/payment/695a2b2b57178329d1ceaf7a 404 52.397 ms - 60 ::1
2026-01-09T15:53:45.319Z GET /api/v1/payment/695a2b2b57178329d1ceaf7b 404 56.348 ms - 60 ::1
2026-01-09T15:53:45.794Z GET /api/v1/room?page=1&search=&sort=desc 304 178.376 ms - - ::1
2026-01-09T15:53:49.688Z GET /api/v1/payment/695a2b2b57178329d1ceaf73 404 40.519 ms - 60 ::1
2026-01-09T15:53:49.714Z GET /api/v1/payment/695a2b2b57178329d1ceaf74 404 62.830 ms - 60 ::1
2026-01-09T15:53:49.718Z GET /api/v1/payment/695a2b2b57178329d1ceaf72 404 73.806 ms - 60 ::1
2026-01-09T15:53:49.729Z GET /api/v1/payment/695a2b2b57178329d1ceaf77 404 66.531 ms - 60 ::1
2026-01-09T15:53:49.733Z GET /api/v1/payment/695a2b2b57178329d1ceaf76 404 74.267 ms - 60 ::1
2026-01-09T15:53:49.743Z GET /api/v1/payment/695a2b2b57178329d1ceaf75 404 86.955 ms - 60 ::1
2026-01-09T15:53:49.777Z GET /api/v1/payment/695a2b2b57178329d1ceaf78 404 73.840 ms - 60 ::1
2026-01-09T15:53:49.812Z GET /api/v1/payment/695a2b2b57178329d1ceaf7a 404 48.968 ms - 60 ::1
2026-01-09T15:53:49.815Z GET /api/v1/payment/695a2b2b57178329d1ceaf7b 404 47.941 ms - 60 ::1
2026-01-09T15:53:49.817Z GET /api/v1/payment/695a2b2b57178329d1ceaf79 404 67.388 ms - 60 ::1
2026-01-09T15:53:50.780Z GET /api/v1/payment/695a2b2b57178329d1ceaf73 404 60.488 ms - 60 ::1
2026-01-09T15:53:50.783Z GET /api/v1/payment/695a2b2b57178329d1ceaf74 404 51.499 ms - 60 ::1
2026-01-09T15:53:50.798Z GET /api/v1/payment/695a2b2b57178329d1ceaf72 404 58.572 ms - 60 ::1
2026-01-09T15:53:50.810Z GET /api/v1/payment/695a2b2b57178329d1ceaf77 404 60.332 ms - 60 ::1
2026-01-09T15:53:50.827Z GET /api/v1/payment/695a2b2b57178329d1ceaf76 404 61.912 ms - 60 ::1
2026-01-09T15:53:50.845Z GET /api/v1/payment/695a2b2b57178329d1ceaf75 404 73.517 ms - 60 ::1
2026-01-09T15:53:50.861Z GET /api/v1/payment/695a2b2b57178329d1ceaf78 404 44.831 ms - 60 ::1
2026-01-09T15:53:50.892Z GET /api/v1/payment/695a2b2b57178329d1ceaf7a 404 54.909 ms - 60 ::1
2026-01-09T15:53:50.906Z GET /api/v1/payment/695a2b2b57178329d1ceaf7b 404 58.218 ms - 60 ::1
2026-01-09T15:53:50.914Z GET /api/v1/payment/695a2b2b57178329d1ceaf79 404 60.483 ms - 60 ::1
2026-01-09T15:53:52.855Z GET /api/v1/payment/695a2b2b57178329d1ceaf73 404 61.851 ms - 60 ::1
2026-01-09T15:53:52.876Z GET /api/v1/payment/695a2b2b57178329d1ceaf74 404 57.797 ms - 60 ::1
2026-01-09T15:53:52.893Z GET /api/v1/payment/695a2b2b57178329d1ceaf72 404 69.505 ms - 60 ::1
2026-01-09T15:53:52.906Z GET /api/v1/payment/695a2b2b57178329d1ceaf77 404 66.443 ms - 60 ::1
2026-01-09T15:53:52.914Z GET /api/v1/payment/695a2b2b57178329d1ceaf76 404 68.327 ms - 60 ::1
2026-01-09T15:53:52.933Z GET /api/v1/payment/695a2b2b57178329d1ceaf75 404 74.542 ms - 60 ::1
2026-01-09T15:53:52.945Z GET /api/v1/payment/695a2b2b57178329d1ceaf78 404 61.432 ms - 60 ::1
2026-01-09T15:53:52.972Z GET /api/v1/payment/695a2b2b57178329d1ceaf7a 404 52.741 ms - 60 ::1
2026-01-09T15:53:52.974Z GET /api/v1/payment/695a2b2b57178329d1ceaf7b 404 46.061 ms - 60 ::1
2026-01-09T15:53:52.991Z GET /api/v1/payment/695a2b2b57178329d1ceaf79 404 54.195 ms - 60 ::1
2026-01-09T15:53:56.956Z GET /api/v1/payment/695a2b2b57178329d1ceaf73 404 77.403 ms - 60 ::1
2026-01-09T15:53:57.015Z GET /api/v1/payment/695a2b2b57178329d1ceaf74 404 98.828 ms - 60 ::1
2026-01-09T15:53:57.055Z GET /api/v1/payment/695a2b2b57178329d1ceaf72 404 107.504 ms - 60 ::1
2026-01-09T15:53:57.064Z GET /api/v1/payment/695a2b2b57178329d1ceaf77 404 92.222 ms - 60 ::1
2026-01-09T15:53:57.084Z GET /api/v1/payment/695a2b2b57178329d1ceaf76 404 90.734 ms - 60 ::1
2026-01-09T15:53:57.093Z GET /api/v1/payment/695a2b2b57178329d1ceaf78 404 60.871 ms - 60 ::1
2026-01-09T15:53:57.105Z GET /api/v1/payment/695a2b2b57178329d1ceaf75 404 63.072 ms - 60 ::1
2026-01-09T15:53:57.113Z GET /api/v1/payment/695a2b2b57178329d1ceaf7a 404 52.952 ms - 60 ::1
2026-01-09T15:53:57.127Z GET /api/v1/payment/695a2b2b57178329d1ceaf79 404 48.705 ms - 60 ::1
2026-01-09T15:53:57.132Z GET /api/v1/payment/695a2b2b57178329d1ceaf7b 404 61.648 ms - 60 ::1
2026-01-09T15:54:29.335Z GET /api/v1/payment/695a2b2b57178329d1ceaf74 404 52.277 ms - 60 ::1
2026-01-09T15:54:29.344Z GET /api/v1/payment/695a2b2b57178329d1ceaf72 404 48.029 ms - 60 ::1
2026-01-09T15:54:29.353Z GET /api/v1/payment/695a2b2b57178329d1ceaf73 404 65.690 ms - 60 ::1
2026-01-09T15:54:29.371Z GET /api/v1/payment/695a2b2b57178329d1ceaf76 404 64.599 ms - 60 ::1
2026-01-09T15:54:29.398Z GET /api/v1/payment/695a2b2b57178329d1ceaf75 404 95.927 ms - 60 ::1
2026-01-09T15:54:29.405Z GET /api/v1/payment/695a2b2b57178329d1ceaf77 404 93.184 ms - 60 ::1
2026-01-09T15:54:29.758Z GET /api/v1/payment/695a2b2b57178329d1ceaf78 404 95.467 ms - 60 ::1
2026-01-09T15:54:29.772Z GET /api/v1/payment/695a2b2b57178329d1ceaf79 404 74.362 ms - 60 ::1
2026-01-09T15:54:29.781Z GET /api/v1/payment/695a2b2b57178329d1ceaf7a 404 65.193 ms - 60 ::1
2026-01-09T15:54:29.815Z GET /api/v1/payment/695a2b2b57178329d1ceaf7b 404 83.426 ms - 60 ::1
2026-01-09T15:54:34.185Z GET /api/v1/hotel/695a2b2b57178329d1ceaf72 304 109.044 ms - - ::1
2026-01-09T15:55:38.563Z GET /api/v1/payment?page=1&sort=asc&limit=10 304 112.203 ms - - ::1
2026-01-09T15:55:38.754Z GET /api/v1/payment/695fb6c0e6823d5c7620f9ad 200 96.665 ms - 408 ::1
2026-01-09T15:55:38.779Z GET /api/v1/payment/695fb6c0e6823d5c7620f9ae 200 112.299 ms - 422 ::1
2026-01-09T15:55:38.782Z GET /api/v1/payment/695fb6c0e6823d5c7620f9af 200 109.513 ms - 413 ::1
2026-01-09T15:55:38.787Z GET /api/v1/payment/695fb6c0e6823d5c7620f9b0 200 109.598 ms - 411 ::1
2026-01-09T15:55:38.811Z GET /api/v1/payment/695fb6c0e6823d5c7620f9b1 200 120.453 ms - 425 ::1
2026-01-09T15:55:38.813Z GET /api/v1/payment/695fb6c0e6823d5c7620f9ac 304 112.704 ms - - ::1
2026-01-09T15:55:38.871Z GET /api/v1/payment/695fb6c0e6823d5c7620f9b2 200 114.297 ms - 404 ::1
2026-01-09T15:55:38.891Z GET /api/v1/payment/695fb6c0e6823d5c7620f9b3 200 100.305 ms - 411 ::1
2026-01-09T15:55:38.914Z GET /api/v1/payment/695fb6c0e6823d5c7620f9b4 200 115.651 ms - 421 ::1
2026-01-09T15:55:38.920Z GET /api/v1/payment/695fb6c0e6823d5c7620f9b5 200 113.013 ms - 410 ::1
2026-01-09T16:16:15.503Z GET /api/v1/booking?page=1&sort=asc 304 124.522 ms - - ::1
2026-01-09T16:21:22.075Z GET /api/v1/booking?page=1&status=STAYED&sort=asc 200 97.413 ms - 181 ::1
2026-01-09T16:21:30.232Z GET /api/v1/booking?page=1&status=CONFIRMED&sort=asc 200 170.930 ms - 4414 ::1
2026-01-09T16:37:24.185Z GET /api/v1/booking?page=1&sort=asc 304 127.130 ms - - ::1
2026-01-09T16:44:29.250Z POST /api/v1/admin/refresh 200 159.257 ms - 402 ::1
2026-01-09T16:44:29.323Z GET /api/v1/booking?page=1&sort=asc 304 121.127 ms - - ::1
2026-01-09T16:50:18.814Z GET /api/v1/booking?page=1&sort=asc 401 1.879 ms - 63 ::1
2026-01-09T16:50:18.860Z POST /api/v1/admin/refresh 200 126.620 ms - 402 ::1
2026-01-09T16:50:18.976Z POST /api/v1/admin/refresh 200 103.895 ms - 402 ::1
2026-01-09T16:50:19.126Z GET /api/v1/booking?page=1&sort=asc 304 121.956 ms - - ::1
2026-01-09T16:50:35.169Z GET /api/v1/booking?page=1&status=STAYED&sort=asc 304 67.085 ms - - ::1
2026-01-09T16:51:40.959Z GET /api/v1/booking?page=1&sort=asc 401 0.698 ms - 63 ::1
2026-01-09T16:51:40.962Z POST /api/v1/admin/refresh 200 123.406 ms - 402 ::1
2026-01-09T16:51:41.164Z POST /api/v1/admin/refresh 200 121.994 ms - 402 ::1
2026-01-09T16:51:41.306Z GET /api/v1/booking?page=1&sort=asc 304 128.897 ms - - ::1
2026-01-09T16:51:47.424Z GET /api/v1/booking?page=3&sort=asc 304 132.922 ms - - ::1
2026-01-09T16:52:09.588Z GET /api/v1/booking?page=1&sort=asc 401 0.310 ms - 63 ::1
2026-01-09T16:52:09.634Z POST /api/v1/admin/refresh 200 124.999 ms - 402 ::1
2026-01-09T16:52:09.772Z POST /api/v1/admin/refresh 200 129.948 ms - 402 ::1
2026-01-09T16:52:10.006Z GET /api/v1/booking?page=1&sort=asc 304 139.222 ms - - ::1
2026-01-09T16:52:55.662Z PUT /api/v1/update/695bee6dec7777b8ded0c170 404 0.966 ms - 177 ::1
2026-01-09T16:53:31.305Z PUT /api/v1/update/695bee6dec7777b8ded0c172 404 3.473 ms - 177 ::1
2026-01-09T16:54:57.299Z PUT /api/v1/update/695bee6dec7777b8ded0c170 404 5.435 ms - 177 ::1
2026-01-09T16:56:23.450Z PUT /api/v1/update/695bee6dec7777b8ded0c170 404 2.087 ms - 177 ::1
2026-01-09T16:57:34.207Z PUT /api/v1/update/695bee6dec7777b8ded0c170 404 0.759 ms - 177 ::1
2026-01-09T16:58:57.371Z PUT /api/v1/update/695bee6dec7777b8ded0c178 404 11.972 ms - 177 ::1
2026-01-09T16:59:39.845Z GET /api/v1/booking?page=1&sort=asc 401 6.595 ms - 63 ::1
2026-01-09T16:59:41.081Z POST /api/v1/admin/refresh 200 1604.482 ms - 402 ::1
2026-01-09T16:59:41.340Z POST /api/v1/admin/refresh 200 1350.105 ms - 402 ::1
2026-01-09T16:59:41.860Z GET /api/v1/booking?page=1&sort=asc 304 497.406 ms - - ::1
2026-01-09T17:00:02.057Z PUT /api/v1/update/695bee6dec7777b8ded0c170 404 2.084 ms - 177 ::1
2026-01-09T17:02:44.028Z POST /api/v1/admin/refresh 200 128.717 ms - 402 ::1
2026-01-09T17:02:44.099Z GET /api/v1/booking?page=1&sort=asc 401 0.566 ms - 63 ::1
2026-01-09T17:02:44.355Z POST /api/v1/admin/refresh 200 122.138 ms - 402 ::1
2026-01-09T17:02:44.782Z GET /api/v1/booking?page=1&sort=asc 304 120.937 ms - - ::1
2026-01-09T17:02:55.609Z POST /api/v1/admin/refresh 200 118.337 ms - 402 ::1
2026-01-09T17:02:55.672Z GET /api/v1/booking?page=1&sort=asc 401 1.396 ms - 63 ::1
2026-01-09T17:02:55.907Z POST /api/v1/admin/refresh 200 129.210 ms - 402 ::1
2026-01-09T17:02:56.447Z GET /api/v1/booking?page=1&sort=asc 304 135.965 ms - - ::1
2026-01-09T17:04:12.377Z POST /api/v1/admin/refresh 200 110.785 ms - 402 ::1
2026-01-09T17:04:12.461Z GET /api/v1/booking?page=1&sort=asc 401 0.861 ms - 63 ::1
2026-01-09T17:04:12.636Z POST /api/v1/admin/refresh 200 111.868 ms - 402 ::1
2026-01-09T17:04:12.873Z GET /api/v1/booking?page=1&sort=asc 304 122.457 ms - - ::1
2026-01-09T17:13:57.744Z PUT /api/v1/update/695bee6dec7777b8ded0c170 404 2.761 ms - 177 ::1
2026-01-09T17:15:16.387Z PUT /api/v1/update/695bee6dec7777b8ded0c170 404 10.448 ms - 177 ::1
2026-01-09T17:16:20.809Z PUT /api/v1/update/695bee6dec7777b8ded0c170 404 8.252 ms - 177 ::1
2026-01-09T17:16:46.069Z POST /api/v1/admin/refresh 200 166.938 ms - 402 ::1
2026-01-09T17:16:46.095Z GET /api/v1/booking?page=1&sort=asc 401 1.404 ms - 63 ::1
2026-01-09T17:16:46.308Z POST /api/v1/admin/refresh 200 126.465 ms - 402 ::1
2026-01-09T17:16:46.604Z GET /api/v1/booking?page=1&sort=asc 304 146.532 ms - - ::1
2026-01-09T17:17:00.841Z PUT /api/v1/update/695bee6dec7777b8ded0c170 404 1.026 ms - 177 ::1
2026-01-09T17:17:43.156Z PUT /api/v1/booking/update/695bee6dec7777b8ded0c170 201 148.001 ms - 452 ::1
2026-01-09T17:18:02.777Z PUT /api/v1/booking/update/695bee6dec7777b8ded0c170 201 208.199 ms - 452 ::1
2026-01-09T17:19:06.808Z PUT /api/v1/booking/update/695bee6dec7777b8ded0c170 201 208.739 ms - 449 ::1
2026-01-09T17:19:50.539Z POST /api/v1/admin/refresh 200 130.303 ms - 402 ::1
2026-01-09T17:19:50.612Z GET /api/v1/booking?page=1&sort=asc 401 1.983 ms - 63 ::1
2026-01-09T17:19:50.824Z POST /api/v1/admin/refresh 200 117.016 ms - 402 ::1
2026-01-09T17:19:51.134Z GET /api/v1/booking?page=1&sort=asc 200 140.851 ms - 4429 ::1
2026-01-09T17:20:07.014Z PUT /api/v1/update/695bee6dec7777b8ded0c174 404 3.671 ms - 177 ::1
2026-01-09T17:24:53.738Z POST /api/v1/admin/refresh 200 126.259 ms - 402 ::1
2026-01-09T17:24:53.794Z GET /api/v1/booking?page=1&sort=asc 401 0.501 ms - 63 ::1
2026-01-09T17:24:54.009Z POST /api/v1/admin/refresh 200 143.188 ms - 402 ::1
2026-01-09T17:24:54.187Z GET /api/v1/booking?page=1&sort=asc 304 101.334 ms - - ::1
2026-01-09T17:25:03.405Z PUT /api/v1/update/695bee6dec7777b8ded0c174 404 0.454 ms - 177 ::1
2026-01-09T17:25:59.759Z PUT /api/v1/booking/update/695bee6dec7777b8ded0c174 201 122.558 ms - 450 ::1
2026-01-09T17:25:59.889Z GET /api/v1/booking?page=1&sort=asc 200 112.008 ms - 4426 ::1
2026-01-11T07:12:10.042Z GET /api/v1/analytic/revenue 500 21710.569 ms - 58 ::1
2026-01-11T07:13:20.855Z GET /api/v1/analytic/revenue 200 99.092 ms - 79 ::1
2026-01-11T07:16:27.249Z GET /api/v1/analytic/revenue 200 181.726 ms - 3242 ::1
2026-01-11T07:19:24.540Z GET /api/v1/analytic/revenue 200 106.848 ms - 119 ::1
2026-01-11T07:20:31.493Z GET /api/v1/analytic/revenue 500 10033.149 ms - 109 ::1
2026-01-11T07:21:32.568Z GET /api/v1/analytic/revenue 500 10051.161 ms - 109 ::1
2026-01-11T07:25:18.510Z GET /api/v1/analytic/revenue 500 10032.770 ms - 109 ::1
2026-01-11T07:28:28.140Z GET /api/v1/analytic/revenue 200 850.059 ms - 159 ::1
2026-01-11T07:36:45.167Z GET /api/v1/analytic/revenue 200 90.061 ms - 111 ::1
2026-01-11T07:44:57.456Z GET /api/v1/analytic/revenue 200 161.378 ms - 146 ::1
2026-01-11T07:46:20.750Z GET /api/v1/analytic/revenue 200 74.751 ms - 165 ::1
2026-01-11T07:48:28.300Z GET /api/v1/analytic/revenue 200 64.788 ms - 165 ::1
2026-01-11T07:54:36.906Z GET /api/v1/analytic/revenue 200 85.699 ms - 305 ::1
2026-01-11T07:55:54.280Z GET /api/v1/analytic/revenue 200 75.760 ms - 305 ::1
2026-01-11T07:56:47.410Z GET /api/v1/analytic/revenue 200 99.899 ms - 305 ::1
2026-01-11T08:00:13.666Z GET /api/v1/analytic/revenue 500 61.036 ms - 86 ::1
